{"/Users/yuvals/git/timescript/src/date-formatter.ts": {"path":"/Users/yuvals/git/timescript/src/date-formatter.ts","all":false,"statementMap":{"0":{"start":{"line":1,"column":0},"end":{"line":1,"column":77}},"1":{"start":{"line":2,"column":0},"end":{"line":2,"column":0}},"2":{"start":{"line":3,"column":0},"end":{"line":3,"column":75}},"3":{"start":{"line":4,"column":0},"end":{"line":4,"column":94}},"4":{"start":{"line":5,"column":0},"end":{"line":5,"column":5}},"5":{"start":{"line":6,"column":0},"end":{"line":6,"column":2}},"6":{"start":{"line":7,"column":0},"end":{"line":7,"column":51}},"7":{"start":{"line":8,"column":0},"end":{"line":8,"column":57}},"8":{"start":{"line":9,"column":0},"end":{"line":9,"column":2}},"9":{"start":{"line":10,"column":0},"end":{"line":10,"column":18}},"10":{"start":{"line":11,"column":0},"end":{"line":11,"column":108}},"11":{"start":{"line":12,"column":0},"end":{"line":12,"column":2}},"12":{"start":{"line":13,"column":0},"end":{"line":13,"column":51}},"13":{"start":{"line":14,"column":0},"end":{"line":14,"column":62}},"14":{"start":{"line":15,"column":0},"end":{"line":15,"column":22}},"15":{"start":{"line":16,"column":0},"end":{"line":16,"column":18}},"16":{"start":{"line":17,"column":0},"end":{"line":17,"column":57}},"17":{"start":{"line":18,"column":0},"end":{"line":18,"column":20}},"18":{"start":{"line":19,"column":0},"end":{"line":19,"column":47}},"19":{"start":{"line":20,"column":0},"end":{"line":20,"column":19}},"20":{"start":{"line":21,"column":0},"end":{"line":21,"column":45}},"21":{"start":{"line":22,"column":0},"end":{"line":22,"column":18}},"22":{"start":{"line":23,"column":0},"end":{"line":23,"column":42}},"23":{"start":{"line":24,"column":0},"end":{"line":24,"column":18}},"24":{"start":{"line":25,"column":0},"end":{"line":25,"column":37}},"25":{"start":{"line":26,"column":0},"end":{"line":26,"column":17}},"26":{"start":{"line":27,"column":0},"end":{"line":27,"column":43}},"27":{"start":{"line":28,"column":0},"end":{"line":28,"column":16}},"28":{"start":{"line":29,"column":0},"end":{"line":29,"column":23}},"29":{"start":{"line":30,"column":0},"end":{"line":30,"column":7}},"30":{"start":{"line":31,"column":0},"end":{"line":31,"column":7}},"31":{"start":{"line":32,"column":0},"end":{"line":32,"column":3}}},"s":{"0":1,"1":2,"2":2,"3":1,"4":1,"5":1,"6":1,"7":1,"8":1,"9":1,"10":1,"11":1,"12":1,"13":1,"14":3,"15":3,"16":0,"17":3,"18":1,"19":3,"20":1,"21":3,"22":0,"23":3,"24":0,"25":3,"26":1,"27":3,"28":0,"29":3,"30":1,"31":1},"branchMap":{"0":{"type":"branch","line":1,"loc":{"start":{"line":1,"column":7},"end":{"line":32,"column":3}},"locations":[{"start":{"line":1,"column":7},"end":{"line":32,"column":3}}]},"1":{"type":"branch","line":3,"loc":{"start":{"line":3,"column":74},"end":{"line":32,"column":3}},"locations":[{"start":{"line":3,"column":74},"end":{"line":32,"column":3}}]},"2":{"type":"branch","line":14,"loc":{"start":{"line":14,"column":50},"end":{"line":31,"column":5}},"locations":[{"start":{"line":14,"column":50},"end":{"line":31,"column":5}}]},"3":{"type":"branch","line":16,"loc":{"start":{"line":16,"column":8},"end":{"line":17,"column":57}},"locations":[{"start":{"line":16,"column":8},"end":{"line":17,"column":57}}]},"4":{"type":"branch","line":18,"loc":{"start":{"line":18,"column":8},"end":{"line":19,"column":47}},"locations":[{"start":{"line":18,"column":8},"end":{"line":19,"column":47}}]},"5":{"type":"branch","line":20,"loc":{"start":{"line":20,"column":8},"end":{"line":21,"column":45}},"locations":[{"start":{"line":20,"column":8},"end":{"line":21,"column":45}}]},"6":{"type":"branch","line":22,"loc":{"start":{"line":22,"column":8},"end":{"line":23,"column":42}},"locations":[{"start":{"line":22,"column":8},"end":{"line":23,"column":42}}]},"7":{"type":"branch","line":24,"loc":{"start":{"line":24,"column":8},"end":{"line":25,"column":37}},"locations":[{"start":{"line":24,"column":8},"end":{"line":25,"column":37}}]},"8":{"type":"branch","line":26,"loc":{"start":{"line":26,"column":8},"end":{"line":27,"column":43}},"locations":[{"start":{"line":26,"column":8},"end":{"line":27,"column":43}}]},"9":{"type":"branch","line":28,"loc":{"start":{"line":28,"column":8},"end":{"line":29,"column":23}},"locations":[{"start":{"line":28,"column":8},"end":{"line":29,"column":23}}]}},"b":{"0":[2],"1":[1],"2":[3],"3":[0],"4":[1],"5":[1],"6":[0],"7":[0],"8":[1],"9":[0]},"fnMap":{"0":{"name":"formatDate","decl":{"start":{"line":1,"column":7},"end":{"line":32,"column":3}},"loc":{"start":{"line":1,"column":7},"end":{"line":32,"column":3}},"line":1},"1":{"name":"pad","decl":{"start":{"line":8,"column":16},"end":{"line":8,"column":57}},"loc":{"start":{"line":8,"column":16},"end":{"line":8,"column":57}},"line":8}},"f":{"0":2,"1":0}}
,"/Users/yuvals/git/timescript/src/index.ts": {"path":"/Users/yuvals/git/timescript/src/index.ts","all":true,"statementMap":{"0":{"start":{"line":1,"column":0},"end":{"line":1,"column":17}},"1":{"start":{"line":2,"column":0},"end":{"line":2,"column":0}},"2":{"start":{"line":3,"column":0},"end":{"line":3,"column":33}},"3":{"start":{"line":4,"column":0},"end":{"line":4,"column":60}},"4":{"start":{"line":5,"column":0},"end":{"line":5,"column":0}},"5":{"start":{"line":6,"column":0},"end":{"line":6,"column":19}},"6":{"start":{"line":7,"column":0},"end":{"line":7,"column":0}},"7":{"start":{"line":8,"column":0},"end":{"line":8,"column":50}},"8":{"start":{"line":9,"column":0},"end":{"line":9,"column":50}},"9":{"start":{"line":10,"column":0},"end":{"line":10,"column":21}},"10":{"start":{"line":11,"column":0},"end":{"line":11,"column":0}},"11":{"start":{"line":12,"column":0},"end":{"line":12,"column":22}},"12":{"start":{"line":13,"column":0},"end":{"line":13,"column":61}},"13":{"start":{"line":14,"column":0},"end":{"line":14,"column":21}},"14":{"start":{"line":15,"column":0},"end":{"line":15,"column":0}},"15":{"start":{"line":16,"column":0},"end":{"line":16,"column":57}},"16":{"start":{"line":17,"column":0},"end":{"line":17,"column":68}}},"s":{"0":0,"1":0,"2":0,"3":0,"4":0,"5":0,"6":0,"7":0,"8":0,"9":0,"10":0,"11":0,"12":0,"13":0,"14":0,"15":0,"16":0},"branchMap":{"0":{"type":"branch","line":1,"loc":{"start":{"line":1,"column":0},"end":{"line":17,"column":68}},"locations":[{"start":{"line":1,"column":0},"end":{"line":17,"column":68}}]}},"b":{"0":[0]},"fnMap":{"0":{"name":"(empty-report)","decl":{"start":{"line":1,"column":0},"end":{"line":17,"column":68}},"loc":{"start":{"line":1,"column":0},"end":{"line":17,"column":68}},"line":1}},"f":{"0":0}}
}
